<?xml version="1.0" encoding="UTF-8"?>
<!-- Generated by org.testng.reporters.JUnitXMLReporter -->
<testsuite ignored="1" hostname="DESKTOP-0DVVPP6" failures="0" tests="2" name="End To End Test" time="79.926" errors="0" timestamp="2024-09-28T19:36:37 IST">
  <testcase classname="qa.testceses.StandAloneTestCases" name="submitIrder" time="20.656"/>
  <testcase classname="qa.testceses.StandAloneTestCases" name="submitIrder" time="17.038"/>
  <testcase classname="qa.testceses.StandAloneTestCases" name="orderHistoryTest" time="0.0">
    <ignored/>
  </testcase> <!-- orderHistoryTest -->
</testsuite> <!-- End To End Test -->
