<?xml version="1.0" encoding="UTF-8"?>
<!-- Generated by org.testng.reporters.JUnitXMLReporter -->
<testsuite ignored="2" hostname="DESKTOP-0DVVPP6" failures="0" tests="0" time="0.043" errors="0" timestamp="2024-09-28T19:35:17 IST">
  <testcase classname="qa.testceses.ErrorValidation" name="LoginerrorMessage" time="0.0">
    <ignored/>
  </testcase> <!-- LoginerrorMessage -->
  <testcase classname="qa.testceses.ErrorValidation" name="ErrosubmitOrderTest" time="0.0">
    <ignored/>
  </testcase> <!-- ErrosubmitOrderTest -->
</testsuite>
