<?xml version="1.0" encoding="UTF-8"?>
<testsuite xmlns:xsi="http://www.w3.org/2001/XMLSchema-instance" xsi:noNamespaceSchemaLocation="https://maven.apache.org/surefire/maven-surefire-plugin/xsd/surefire-test-report.xsd" version="3.0.2" name="TestSuite" time="121.472" tests="1" errors="0" skipped="0" failures="1">
  <properties>
[...]
</properties>
  <testcase name="BrokenLinkTes" classname="qa.testceses.BrokenLinks" time="117.489">
    <failure message="class sun.net.www.protocol.mailto.MailToURLConnection cannot be cast to class java.net.HttpURLConnection (sun.net.www.protocol.mailto.MailToURLConnection and java.net.HttpURLConnection are in module java.base of loader &apos;bootstrap&apos;)" type="java.lang.ClassCastException"><![CDATA[java.lang.ClassCastException: class sun.net.www.protocol.mailto.MailToURLConnection cannot be cast to class java.net.HttpURLConnection (sun.net.www.protocol.mailto.MailToURLConnection and java.net.HttpURLConnection are in module java.base of loader 'bootstrap')
	at qa.testceses.BrokenLinks.BrokenLinkTes(BrokenLinks.java:37)
	at java.base/jdk.internal.reflect.DirectMethodHandleAccessor.invoke(DirectMethodHandleAccessor.java:103)
	at java.base/java.lang.reflect.Method.invoke(Method.java:580)
	at org.testng.internal.invokers.MethodInvocationHelper.invokeMethod(MethodInvocationHelper.java:141)
	at org.testng.internal.invokers.TestInvoker.invokeMethod(TestInvoker.java:686)
	at org.testng.internal.invokers.TestInvoker.invokeTestMethod(TestInvoker.java:230)
	at org.testng.internal.invokers.MethodRunner.runInSequence(MethodRunner.java:63)
	at org.testng.internal.invokers.TestInvoker$MethodInvocationAgent.invoke(TestInvoker.java:992)
	at org.testng.internal.invokers.TestInvoker.invokeTestMethods(TestInvoker.java:203)
	at org.testng.internal.invokers.TestMethodWorker.invokeTestMethods(TestMethodWorker.java:154)
	at org.testng.internal.invokers.TestMethodWorker.run(TestMethodWorker.java:134)
	at java.base/java.util.ArrayList.forEach(ArrayList.java:1596)
	at org.testng.TestRunner.privateRun(TestRunner.java:739)
	at org.testng.TestRunner.run(TestRunner.java:614)
	at org.testng.SuiteRunner.runTest(SuiteRunner.java:421)
	at org.testng.SuiteRunner$SuiteWorker.run(SuiteRunner.java:463)
	at org.testng.internal.thread.ThreadUtil.lambda$execute$0(ThreadUtil.java:64)
	at java.base/java.util.concurrent.FutureTask.run(FutureTask.java:317)
	at java.base/java.util.concurrent.ThreadPoolExecutor.runWorker(ThreadPoolExecutor.java:1144)
	at java.base/java.util.concurrent.ThreadPoolExecutor$Worker.run(ThreadPoolExecutor.java:642)
	at java.base/java.lang.Thread.run(Thread.java:1583)
]]></failure>
    <system-out><![CDATA[382
https://www.flipkart.com/#=== Broken Url
https://www.flipkart.com/#=== Broken Url
https://www.flipkart.com/#=== Broken Url
https://www.flipkart.com/account/login?ret=/=== Broken Url
https://www.flipkart.com/account/login?signup=true&ret=/=== Broken Url
https://www.flipkart.com/account/?rd=0&link=home_account=== Broken Url
https://www.flipkart.com/plus=== Broken Url
https://www.flipkart.com/account/orders?link=home_orders=== Broken Url
https://www.flipkart.com/wishlist?link=home_wishlist=== Broken Url
https://www.flipkart.com/account/rewards?link=home_rewards=== Broken Url
https://www.flipkart.com/the-gift-card-store?link=home_giftcard=== Broken Url
https://www.flipkart.com/account/login?ret=/=== Broken Url
https://www.flipkart.com/login?ret=%2F=== Broken Url
https://www.flipkart.com/viewcart?exploreMode=true&preference=FLIPKART=== Broken Url
https://www.flipkart.com/viewcart?exploreMode=true&preference=FLIPKART=== Broken Url
https://seller.flipkart.com/sell-online/?utm_source=fkwebsite&utm_medium=websitedirect=== url is valid
https://seller.flipkart.com/sell-online/?utm_source=fkwebsite&utm_medium=websitedirect=== url is valid
https://www.flipkart.com/#=== Broken Url
https://www.flipkart.com/communication-preferences/push?t=all=== Broken Url
https://www.flipkart.com/helpcentre=== Broken Url
https://advertising.flipkart.com/?otracker=ch_vn_advertise_header=== url is valid
https://www.flipkart.com/mobile-apps?otracker=ch_vn_mobile_apps=== Broken Url
https://www.flipkart.com/big-billion-days-store?param=387721&fm=neo%2Fmerchandising&iid=M_ee87ca48-7d5a-482d-ab79-1f23e4b53c61_1_KUZ8W60OFFMO_MC.D7M05PTZUYRA&otracker=hp_rich_navigation_1_1.navigationCard.RICH_NAVIGATION_Top%2BOffers_D7M05PTZUYRA&otracker1=hp_rich_navigation_PINNED_neo%2Fmerchandising_NA_NAV_EXPANDABLE_navigationCard_cc_1_L0_view-all&cid=D7M05PTZUYRA=== Broken Url
https://www.flipkart.com/mobile-phones-store?param=47859&fm=neo%2Fmerchandising&iid=M_ee87ca48-7d5a-482d-ab79-1f23e4b53c61_1_KUZ8W60OFFMO_MC.BYIXDBQAWBHQ&otracker=hp_rich_navigation_2_1.navigationCard.RICH_NAVIGATION_Mobiles%2B%26%2BTablets_BYIXDBQAWBHQ&otracker1=hp_rich_navigation_PINNED_neo%2Fmerchandising_NA_NAV_EXPANDABLE_navigationCard_cc_2_L0_view-all&cid=BYIXDBQAWBHQ=== Broken Url
https://www.flipkart.com/tv-appliance-sep24-big-billion-days-store?fm=neo%2Fmerchandising&iid=M_ee87ca48-7d5a-482d-ab79-1f23e4b53c61_1_KUZ8W60OFFMO_MC.8TVKUWT87M16&otracker=hp_rich_navigation_3_1.navigationCard.RICH_NAVIGATION_TVs%2B%26%2BAppliances_8TVKUWT87M16&otracker1=hp_rich_navigation_PINNED_neo%2Fmerchandising_NA_NAV_EXPANDABLE_navigationCard_cc_3_L0_view-all&cid=8TVKUWT87M16=== Broken Url
https://www.flipkart.com/elec-big-billion-days-24-golive-store?fm=neo%2Fmerchandising&iid=M_ee87ca48-7d5a-482d-ab79-1f23e4b53c61_1_KUZ8W60OFFMO_MC.KCBBC8GGWR9V&otracker=hp_rich_navigation_4_1.navigationCard.RICH_NAVIGATION_Electronics_KCBBC8GGWR9V&otracker1=hp_rich_navigation_PINNED_neo%2Fmerchandising_NA_NAV_EXPANDABLE_navigationCard_cc_4_L0_view-all&cid=KCBBC8GGWR9V=== Broken Url
https://www.flipkart.com/bbd-lb24-sale-store?fm=neo%2Fmerchandising&iid=M_ee87ca48-7d5a-482d-ab79-1f23e4b53c61_1_KUZ8W60OFFMO_MC.NT4YVV713W2Q&otracker=hp_rich_navigation_5_1.navigationCard.RICH_NAVIGATION_Fashion_NT4YVV713W2Q&otracker1=hp_rich_navigation_PINNED_neo%2Fmerchandising_NA_NAV_EXPANDABLE_navigationCard_cc_5_L0_view-all&cid=NT4YVV713W2Q=== Broken Url
https://www.flipkart.com/tbbd-bgm-sale-24-store?fm=neo%2Fmerchandising&iid=M_ee87ca48-7d5a-482d-ab79-1f23e4b53c61_1_KUZ8W60OFFMO_MC.3HG9V6MXYB5P&otracker=hp_rich_navigation_6_1.navigationCard.RICH_NAVIGATION_Beauty_3HG9V6MXYB5P&otracker1=hp_rich_navigation_PINNED_neo%2Fmerchandising_NA_NAV_EXPANDABLE_navigationCard_cc_6_L0_view-all&cid=3HG9V6MXYB5P=== Broken Url
https://www.flipkart.com/hnf-tbbd-24-store?fm=neo%2Fmerchandising&iid=M_ee87ca48-7d5a-482d-ab79-1f23e4b53c61_1_KUZ8W60OFFMO_MC.IF1WVE47NIXO&otracker=hp_rich_navigation_7_1.navigationCard.RICH_NAVIGATION_Home%2B%26%2BKitchen_IF1WVE47NIXO&otracker1=hp_rich_navigation_PINNED_neo%2Fmerchandising_NA_NAV_EXPANDABLE_navigationCard_cc_7_L0_view-all&cid=IF1WVE47NIXO=== Broken Url
https://www.flipkart.com/sale-tbbd-store?fm=neo%2Fmerchandising&iid=M_ee87ca48-7d5a-482d-ab79-1f23e4b53c61_1_KUZ8W60OFFMO_MC.DF4ISSCHXW05&otracker=hp_rich_navigation_8_1.navigationCard.RICH_NAVIGATION_Furniture_DF4ISSCHXW05&otracker1=hp_rich_navigation_PINNED_neo%2Fmerchandising_NA_NAV_EXPANDABLE_navigationCard_cc_8_L0_view-all&cid=DF4ISSCHXW05=== Broken Url
https://www.flipkart.com/travel/flights?param=Travel-independence-2024-booknow-explore-the-world&fm=neo%2Fmerchandising&iid=M_ee87ca48-7d5a-482d-ab79-1f23e4b53c61_1_KUZ8W60OFFMO_MC.9ODHZCZ094O6&otracker=hp_rich_navigation_9_1.navigationCard.RICH_NAVIGATION_Travel_9ODHZCZ094O6&otracker1=hp_rich_navigation_PINNED_neo%2Fmerchandising_NA_NAV_EXPANDABLE_navigationCard_cc_9_L0_view-all&cid=9ODHZCZ094O6=== Broken Url
https://www.flipkart.com/grocery-supermart-store?marketplace=GROCERY&fm=neo%2Fmerchandising&iid=M_ee87ca48-7d5a-482d-ab79-1f23e4b53c61_1_KUZ8W60OFFMO_MC.4BYE6NISISOE&otracker=hp_rich_navigation_10_1.navigationCard.RICH_NAVIGATION_Grocery_4BYE6NISISOE&otracker1=hp_rich_navigation_PINNED_neo%2Fmerchandising_NA_NAV_EXPANDABLE_navigationCard_cc_10_L0_view-all&cid=4BYE6NISISOE=== Broken Url
https://www.flipkart.com/noise-vision-3-1-96-amoled-display-thin-bezel-metallic-build-smartwatch/p/itm1524878dc07a5?pid=SMWGPB58FBHUVY3X=== Broken Url
https://www.flipkart.com/big-billion-days-store?param=387721121=== Broken Url
https://www.flipkart.com/tyy/4io/~cs-lpfardm3bi/pr?sid=tyy,4io&collection-tab-name=Samsung+Galaxy+S23+FE+5G&pageCriteria=BlueAndMall&param=3554=== Broken Url
https://www.flipkart.com/g9b/~cs-qpzxzgo5ra/pr?sid=g9b&collection-tab-name=just+herbs+fragrance+refershing+tro&pageCriteria=BlueAndMall=== Broken Url
https://www.flipkart.com/clo/~cs-b5353r04pq/pr?sid=clo&collection-tab-name=Shirts%2C+Jeans%2C+T-shirts-65&p%5B%5D=facets.ideal_for%255B%255D%3DMen&param=9829718&offer=nb:mp:0737f18029,nb:mp:0760f3d329=== Broken Url
https://www.flipkart.com/6bo/g0i/9no/~cs-1whqyo8wl1/pr?sid=6bo,g0i,9no&collection-tab-name=Bestselling+Monitors&pageCriteria=default&param=73746466363=== Broken Url
https://www.flipkart.com/audio-video/speakers/pr?sid=0pm%2C0o7&sort=popularity&param=8755&p%5B%5D=facets.price_range.from%3D599&p%5B%5D=facets.price_range.to%3DMax&p%5B%5D=facets.type%255B%255D%3DSoundbar&p%5B%5D=facets.rating%255B%255D%3D3%25E2%2598%2585%2B%2526%2Babove&param=86=== Broken Url
https://www.flipkart.com/travel/flights?param=TravelDT-HPW-MalaysiTravelDT-HPW-Malaysia-FLFK-25OFF=== Broken Url
https://www.flipkart.com/noise-vision-3-1-96-amoled-display-thin-bezel-metallic-build-smartwatch/p/itm1524878dc07a5?pid=SMWGPB58FBHUVY3X=== Broken Url
https://www.flipkart.com/big-billion-days-store?param=387721121=== Broken Url
https://www.flipkart.com/offers-list/content?screen=dynamic&pk=themeViews%3DDT-OMU-1%3ADealcard~widgetType%3DdealCard~contentType%3Dneo&wid=2.dealCard.OMU=== Broken Url
https://www.flipkart.com/audio-video/headset/pr?sid=0pm%2Cfcn&p%5B%5D=facets.connectivity%255B%255D%3DBluetooth&sort=popularity&p%5B%5D=facets.rating%255B%255D%3D3%25E2%2598%2585%2B%2526%2Babove&p%5B%5D=facets.rating%255B%255D%3D4%25E2%2598%2585%2B%2526%2Babove&p%5B%5D=facets.price_range.from%3D599&p%5B%5D=facets.price_range.to%3DMax&p%5B%5D=facets.headphone_type%255B%255D%3DTrue%2BWireless&param=866&hpid=WqCPtE2MbDEYEbYbttXC1qp7_Hsxr70nj65vMAAFKlc%3D&ctx=eyJjYXJkQ29udGV4dCI6eyJhdHRyaWJ1dGVzIjp7InZhbHVlQ2FsbG91dCI6eyJtdWx0aVZhbHVlZEF0dHJpYnV0ZSI6eyJrZXkiOiJ2YWx1ZUNhbGxvdXQiLCJpbmZlcmVuY2VUeXBlIjoiVkFMVUVfQ0FMTE9VVCIsInZhbHVlcyI6WyJHcmFiIE5vdyJdLCJ2YWx1ZVR5cGUiOiJNVUxUSV9WQUxVRUQifX0sImhlcm9QaWQiOnsic2luZ2xlVmFsdWVBdHRyaWJ1dGUiOnsia2V5IjoiaGVyb1BpZCIsImluZmVyZW5jZVR5cGUiOiJQSUQiLCJ2YWx1ZSI6IkFDQ0dXVTJBQlEzRUFVTTgiLCJ2YWx1ZVR5cGUiOiJTSU5HTEVfVkFMVUVEIn19LCJ0aXRsZSI6eyJtdWx0aVZhbHVlZEF0dHJpYnV0ZSI6eyJrZXkiOiJ0aXRsZSIsImluZmVyZW5jZVR5cGUiOiJUSVRMRSIsInZhbHVlcyI6WyJCZXN0IFRydWV3aXJlbGVzcyBIZWFkcGhvbmVzIl0sInZhbHVlVHlwZSI6Ik1VTFRJX1ZBTFVFRCJ9fX19fQ%3D%3D=== Broken Url
https://www.flipkart.com/audio-video/speakers/pr?sid=0pm%2C0o7&sort=popularity&param=8755&p%5B%5D=facets.rating%255B%255D%3D3%25E2%2598%2585%2B%2526%2Babove&p%5B%5D=facets.rating%255B%255D%3D4%25E2%2598%2585%2B%2526%2Babove&p%5B%5D=facets.price_range.from%3D599&p%5B%5D=facets.price_range.to%3DMax&p%5B%5D=facets.type%255B%255D%3DHome%2BAudio%2BSpeaker&p%5B%5D=facets.type%255B%255D%3DGaming%2BSpeaker&p%5B%5D=facets.type%255B%255D%3DHome%2BTheatre&p%5B%5D=facets.type%255B%255D%3DLaptop%252FDesktop%2BSpeaker&p%5B%5D=facets.type%255B%255D%3DMobile%252FTablet%2BSpeaker&p%5B%5D=facets.type%255B%255D%3DSoundbar&param=443&hpid=-9HuwFIVtikIZ8W21KTsvKp7_Hsxr70nj65vMAAFKlc%3D&ctx=eyJjYXJkQ29udGV4dCI6eyJhdHRyaWJ1dGVzIjp7InZhbHVlQ2FsbG91dCI6eyJtdWx0aVZhbHVlZEF0dHJpYnV0ZSI6eyJrZXkiOiJ2YWx1ZUNhbGxvdXQiLCJpbmZlcmVuY2VUeXBlIjoiVkFMVUVfQ0FMTE9VVCIsInZhbHVlcyI6WyJGcm9tIOKCuTQ5OSoiXSwidmFsdWVUeXBlIjoiTVVMVElfVkFMVUVEIn19LCJoZXJvUGlkIjp7InNpbmdsZVZhbHVlQXR0cmlidXRlIjp7ImtleSI6Imhlcm9QaWQiLCJpbmZlcmVuY2VUeXBlIjoiUElEIiwidmFsdWUiOiJBQ0NIWThHR0ZEVEhGSFhGIiwidmFsdWVUeXBlIjoiU0lOR0xFX1ZBTFVFRCJ9fSwidGl0bGUiOnsibXVsdGlWYWx1ZWRBdHRyaWJ1dGUiOnsia2V5IjoidGl0bGUiLCJpbmZlcmVuY2VUeXBlIjoiVElUTEUiLCJ2YWx1ZXMiOlsiQmVzdCBTZWxsaW5nIE1vYmlsZSBTcGVha2VycyJdLCJ2YWx1ZVR5cGUiOiJNVUxUSV9WQUxVRUQifX19fX0%3D=== Broken Url
https://www.flipkart.com/cameras/dslr-mirrorless/pr?sid=jek%2Cp31%2Ctrv&p%5B%5D=facets.fulfilled_by%255B%255D%3DFlipkart%2BAssured&p%5B%5D=facets.type%255B%255D%3DMirrorless&param=179&ctx=eyJjYXJkQ29udGV4dCI6eyJhdHRyaWJ1dGVzIjp7InZhbHVlQ2FsbG91dCI6eyJtdWx0aVZhbHVlZEF0dHJpYnV0ZSI6eyJrZXkiOiJ2YWx1ZUNhbGxvdXQiLCJpbmZlcmVuY2VUeXBlIjoiVkFMVUVfQ0FMTE9VVCIsInZhbHVlcyI6WyJTaG9wIE5vdyEiXSwidmFsdWVUeXBlIjoiTVVMVElfVkFMVUVEIn19LCJ0aXRsZSI6eyJtdWx0aVZhbHVlZEF0dHJpYnV0ZSI6eyJrZXkiOiJ0aXRsZSIsImluZmVyZW5jZVR5cGUiOiJUSVRMRSIsInZhbHVlcyI6WyJUb3AgTWlycm9ybGVzcyBDYW1lcmFzIl0sInZhbHVlVHlwZSI6Ik1VTFRJX1ZBTFVFRCJ9fSwiaGVyb1BpZCI6eyJzaW5nbGVWYWx1ZUF0dHJpYnV0ZSI6eyJrZXkiOiJoZXJvUGlkIiwiaW5mZXJlbmNlVHlwZSI6IlBJRCIsInZhbHVlIjoiRExMR1FBUVlOVDM5WkpURyIsInZhbHVlVHlwZSI6IlNJTkdMRV9WQUxVRUQifX19fX0%3D=== Broken Url
https://www.flipkart.com/health-personal-care-appliances/personal-care-appliances/shavers/pr?sid=zlw%2C79s%2Cu3j&fm=neo%2Fmerchandising&iid=M_abc94b2e-c5ad-4d9f-a408-f077e0b71fda_1_372UD5BXDFYS_MC.7IRTITZ74DB6&otracker1=hp_rich_navigation_PINNED_neo%2Fmerchandising_NA_NAV_EXPANDABLE_navigationCard_cc_3_L2_view-all&cid=7IRTITZ74DB6&hpid=zGQlhArn0YmltUO10UPgIKp7_Hsxr70nj65vMAAFKlc%3D&ctx=eyJjYXJkQ29udGV4dCI6eyJhdHRyaWJ1dGVzIjp7InZhbHVlQ2FsbG91dCI6eyJtdWx0aVZhbHVlZEF0dHJpYnV0ZSI6eyJrZXkiOiJ2YWx1ZUNhbGxvdXQiLCJpbmZlcmVuY2VUeXBlIjoiVkFMVUVfQ0FMTE9VVCIsInZhbHVlcyI6WyJGcm9tIOKCuTEsNjQ5Il0sInZhbHVlVHlwZSI6Ik1VTFRJX1ZBTFVFRCJ9fSwiaGVyb1BpZCI6eyJzaW5nbGVWYWx1ZUF0dHJpYnV0ZSI6eyJrZXkiOiJoZXJvUGlkIiwiaW5mZXJlbmNlVHlwZSI6IlBJRCIsInZhbHVlIjoiU0hWR1NZTUZUU1FUTlhNRCIsInZhbHVlVHlwZSI6IlNJTkdMRV9WQUxVRUQifX0sInRpdGxlIjp7Im11bHRpVmFsdWVkQXR0cmlidXRlIjp7ImtleSI6InRpdGxlIiwiaW5mZXJlbmNlVHlwZSI6IlRJVExFIiwidmFsdWVzIjpbIkJlc3Qgb2YgU2hhdmVycyJdLCJ2YWx1ZVR5cGUiOiJNVUxUSV9WQUxVRUQifX19fX0%3D=== Broken Url
https://www.flipkart.com/computers/computer-peripherals/printers-inks/printers/pr?sid=6bo%2Ctia%2Cffn%2Ct64&fm=neo%2Fmerchandising&iid=M_2731d14e-2583-4664-a065-6fc7ea504a6d_2_372UD5BXDFYS_MC.ES1XN5J8PT49&otracker1=hp_rich_navigation_PINNED_neo%2Fmerchandising_NA_NAV_EXPANDABLE_navigationCard_cc_2_L2_view-all&cid=ES1XN5J8PT49&p%5B%5D=facets.fulfilled_by%255B%255D%3DFlipkart%2BAssured&p%5B%5D=facets.brand%255B%255D%3DEpson&ctx=eyJjYXJkQ29udGV4dCI6eyJhdHRyaWJ1dGVzIjp7InZhbHVlQ2FsbG91dCI6eyJtdWx0aVZhbHVlZEF0dHJpYnV0ZSI6eyJrZXkiOiJ2YWx1ZUNhbGxvdXQiLCJpbmZlcmVuY2VUeXBlIjoiVkFMVUVfQ0FMTE9VVCIsInZhbHVlcyI6WyJGcm9tIOKCuTEwOTk5Il0sInZhbHVlVHlwZSI6Ik1VTFRJX1ZBTFVFRCJ9fSwidGl0bGUiOnsibXVsdGlWYWx1ZWRBdHRyaWJ1dGUiOnsia2V5IjoidGl0bGUiLCJpbmZlcmVuY2VUeXBlIjoiVElUTEUiLCJ2YWx1ZXMiOlsiUHJpbnRlcnMiXSwidmFsdWVUeXBlIjoiTVVMVElfVkFMVUVEIn19LCJoZXJvUGlkIjp7InNpbmdsZVZhbHVlQXR0cmlidXRlIjp7ImtleSI6Imhlcm9QaWQiLCJpbmZlcmVuY2VUeXBlIjoiUElEIiwidmFsdWUiOiJQUk5HUEJDWUdaTkpNVFpLIiwidmFsdWVUeXBlIjoiU0lOR0xFX1ZBTFVFRCJ9fX19fQ%3D%3D=== Broken Url
https://www.flipkart.com/computers/monitors/pr?sid=6bo%2C9no&fm=neo%2Fmerchandising&iid=M_ce1a6f68-d7d2-4ae1-875c-0d0877d9a11f_2_372UD5BXDFYS_MC.ECL5SFI77NSY&otracker1=hp_rich_navigation_PINNED_neo%2Fmerchandising_NA_NAV_EXPANDABLE_navigationCard_cc_3_L2_view-all&cid=ECL5SFI77NSY&p%5B%5D=facets.fulfilled_by%255B%255D%3DFlipkart%2BAssured&p%5B%5D=facets.brand%255B%255D%3Dacer&ctx=eyJjYXJkQ29udGV4dCI6eyJhdHRyaWJ1dGVzIjp7InZhbHVlQ2FsbG91dCI6eyJtdWx0aVZhbHVlZEF0dHJpYnV0ZSI6eyJrZXkiOiJ2YWx1ZUNhbGxvdXQiLCJpbmZlcmVuY2VUeXBlIjoiVkFMVUVfQ0FMTE9VVCIsInZhbHVlcyI6WyJGcm9tIOKCuTY1OTkiXSwidmFsdWVUeXBlIjoiTVVMVElfVkFMVUVEIn19LCJ0aXRsZSI6eyJtdWx0aVZhbHVlZEF0dHJpYnV0ZSI6eyJrZXkiOiJ0aXRsZSIsImluZmVyZW5jZVR5cGUiOiJUSVRMRSIsInZhbHVlcyI6WyJNb25pdG9ycyJdLCJ2YWx1ZVR5cGUiOiJNVUxUSV9WQUxVRUQifX0sImhlcm9QaWQiOnsic2luZ2xlVmFsdWVBdHRyaWJ1dGUiOnsia2V5IjoiaGVyb1BpZCIsImluZmVyZW5jZVR5cGUiOiJQSUQiLCJ2YWx1ZSI6Ik1PTkdIUVM0R1ozQVdHQlYiLCJ2YWx1ZVR5cGUiOiJTSU5HTEVfVkFMVUVEIn19fX19=== Broken Url
https://www.flipkart.com/computers/computer-peripherals/printers-inks/printers/pr?sid=6bo%2Ctia%2Cffn%2Ct64&fm=neo%2Fmerchandising&iid=M_2731d14e-2583-4664-a065-6fc7ea504a6d_2_372UD5BXDFYS_MC.ES1XN5J8PT49&otracker1=hp_rich_navigation_PINNED_neo%2Fmerchandising_NA_NAV_EXPANDABLE_navigationCard_cc_2_L2_view-all&cid=ES1XN5J8PT49&p%5B%5D=facets.fulfilled_by%255B%255D%3DFlipkart%2BAssured&p%5B%5D=facets.brand%255B%255D%3DCanon&ctx=eyJjYXJkQ29udGV4dCI6eyJhdHRyaWJ1dGVzIjp7InZhbHVlQ2FsbG91dCI6eyJtdWx0aVZhbHVlZEF0dHJpYnV0ZSI6eyJrZXkiOiJ2YWx1ZUNhbGxvdXQiLCJpbmZlcmVuY2VUeXBlIjoiVkFMVUVfQ0FMTE9VVCIsInZhbHVlcyI6WyJGcm9tIOKCuTIzMzYiXSwidmFsdWVUeXBlIjoiTVVMVElfVkFMVUVEIn19LCJ0aXRsZSI6eyJtdWx0aVZhbHVlZEF0dHJpYnV0ZSI6eyJrZXkiOiJ0aXRsZSIsImluZmVyZW5jZVR5cGUiOiJUSVRMRSIsInZhbHVlcyI6WyJQcmludGVycyJdLCJ2YWx1ZVR5cGUiOiJNVUxUSV9WQUxVRUQifX0sImhlcm9QaWQiOnsic2luZ2xlVmFsdWVBdHRyaWJ1dGUiOnsia2V5IjoiaGVyb1BpZCIsImluZmVyZW5jZVR5cGUiOiJQSUQiLCJ2YWx1ZSI6IlBSTkU4UEQ2TTUzS1paWEEiLCJ2YWx1ZVR5cGUiOiJTSU5HTEVfVkFMVUVEIn19fX19=== Broken Url
https://www.flipkart.com/computers/computer-peripherals/projectors/pr?sid=6bo%2Ctia%2C1hx&fm=neo%2Fmerchandising&iid=M_0cc842bf-96c6-4409-b385-b0a904682f33_2_372UD5BXDFYS_MC.ICU0BSHGNPBF&otracker1=hp_rich_navigation_PINNED_neo%2Fmerchandising_NA_NAV_EXPANDABLE_navigationCard_cc_4_L2_view-all&cid=ICU0BSHGNPBF&p%5B%5D=facets.fulfilled_by%255B%255D%3DFlipkart%2BAssured&p%5B%5D=facets.brand%255B%255D%3DEgate&ctx=eyJjYXJkQ29udGV4dCI6eyJhdHRyaWJ1dGVzIjp7InZhbHVlQ2FsbG91dCI6eyJtdWx0aVZhbHVlZEF0dHJpYnV0ZSI6eyJrZXkiOiJ2YWx1ZUNhbGxvdXQiLCJpbmZlcmVuY2VUeXBlIjoiVkFMVUVfQ0FMTE9VVCIsInZhbHVlcyI6WyJGcm9tIOKCuTY5OTAiXSwidmFsdWVUeXBlIjoiTVVMVElfVkFMVUVEIn19LCJ0aXRsZSI6eyJtdWx0aVZhbHVlZEF0dHJpYnV0ZSI6eyJrZXkiOiJ0aXRsZSIsImluZmVyZW5jZVR5cGUiOiJUSVRMRSIsInZhbHVlcyI6WyJQcm9qZWN0b3IiXSwidmFsdWVUeXBlIjoiTVVMVElfVkFMVUVEIn19LCJoZXJvUGlkIjp7InNpbmdsZVZhbHVlQXR0cmlidXRlIjp7ImtleSI6Imhlcm9QaWQiLCJpbmZlcmVuY2VUeXBlIjoiUElEIiwidmFsdWUiOiJQUk9IMlg0U1k3UVRQVlJZIiwidmFsdWVUeXBlIjoiU0lOR0xFX1ZBTFVFRCJ9fX19fQ%3D%3D=== Broken Url
https://www.flipkart.com/oppo-k12x-5g-45w-supervooc-charger-in-the-box-feather-pink-256-gb/p/itma30cb38861d4c?pid=MOBH4GBFXAJPXAHQ&ctx=eyJjYXJkQ29udGV4dCI6eyJhdHRyaWJ1dGVzIjp7InNvdXJjZUNvbnRlbnRUeXBlIjp7InNpbmdsZVZhbHVlQXR0cmlidXRlIjp7ImtleSI6InNvdXJjZUNvbnRlbnRUeXBlIiwiaW5mZXJlbmNlVHlwZSI6IlNDVCIsInZhbHVlIjoiQUQiLCJ2YWx1ZVR5cGUiOiJTSU5HTEVfVkFMVUVEIn19fX19&nnc=XPRFB9STX1RH_AD=== Broken Url
https://www.flipkart.com/tyy/4io/~cs-j84wzskmlb/pr?sid=tyy,4io&collection-tab-name=Samsung+Galaxy+S23+5G&pageCriteria=BlueAndMall&param=868=== Broken Url
https://www.flipkart.com/home-kitchen/kitchen-appliances/mixer-juicer-grinder/~cs-4qkifgeabx/pr?sid=j9e,m38,7ek=== Broken Url
https://www.flipkart.com/watches/wrist-watches/pr?sid=r18%2Cf13&p%5B%5D=facets.discount_range_v1%255B%255D%3D60%2525%2Bor%2Bmore&p%5B%5D=facets.price_range.from%3D899&p%5B%5D=facets.price_range.to%3D10000&p%5B%5D=facets.brand%255B%255D%3DTitan&p%5B%5D=facets.brand%255B%255D%3DFastrack&p%5B%5D=facets.brand%255B%255D%3DFOSSIL&p%5B%5D=facets.brand%255B%255D%3DTIMEX&p%5B%5D=facets.brand%255B%255D%3DSONATA&p%5B%5D=facets.brand%255B%255D%3DAllen%2BSolly&p%5B%5D=facets.brand%255B%255D%3DPETER%2BENGLAND&p%5B%5D=facets.brand%255B%255D%3DVAN%2BHEUSEN&p%5B%5D=facets.brand%255B%255D%3DFrench%2BConnection&p%5B%5D=facets.brand%255B%255D%3DLEE%2BCOOPER&p%5B%5D=facets.brand%255B%255D%3DJoker%2B%2526%2BWitch&p%5B%5D=facets.brand%255B%255D%3DDANIEL%2BKLEIN&p%5B%5D=facets.brand%255B%255D%3DBeverly%2BHills%2BPolo%2BClub&p%5B%5D=facets.brand%255B%255D%3DKenneth%2BCole%2BReaction&p%5B%5D=facets.brand%255B%255D%3DStrand%2BBy%2BObaku&p%5B%5D=facets.brand%255B%255D%3DTOMMY%2BHILFIGER&p%5B%5D=facets.brand%255B%255D%3DMVMT&p%5B%5D=facets.brand%255B%255D%3DDUCATI%2BCORSE&p%5B%5D=facets.brand%255B%255D%3DTeal%2BBy%2BChumbak&p%5B%5D=facets.brand%255B%255D%3DMICHAEL%2BKORS&param=3283899831=== Broken Url
https://www.flipkart.com/6bo/b5g/~cs-qfaq67kxfk/pr?sid=6bo,b5g&collection-tab-name=Top+Deals+BBD&pageCriteria=default=== Broken Url
https://www.flipkart.com/clo/~cs-0m4oe866ju/pr?sid=clo&collection-tab-name=T-shirts%2C+Shirts%2C+Jeans&p%5B%5D=facets.ideal_for%255B%255D%3DMen&p%5B%5D=facets.discount_range_v1%255B%255D%3D60%2525%2Bor%2Bmore&param=2719&offer=nb:mp:0737f18029,nb:mp:0760f3d329,nb:mp:0764fc6029=== Broken Url
https://www.flipkart.com/beauty-and-grooming/fragrances/deodorants/pr?sid=g9b%2C0yh%2Cvp1&p%5B%5D=facets.fulfilled_by%255B%255D%3DF-Assured&p%5B%5D=facets.rating%255B%255D%3D3%25E2%2598%2585%2B%2526%2Babove&param=9631=== Broken Url
https://www.flipkart.com/furniture/mattresses/pr?sid=wwe%2Crg9&p%5B%5D=facets.price_range.from%3D2000&p%5B%5D=facets.price_range.to%3DMax=== Broken Url
https://www.flipkart.com/jhg/~cs-fuerjvl4oh/pr?sid=jhg&collection-tab-name=Lighting+Deal&pageCriteria=default&p%5B%5D=facets.price_range.from%3D79&p%5B%5D=facets.price_range.to%3D699&p%5B%5D=facets.fulfilled_by%255B%255D%3DF-Assured&param=3232=== Broken Url
https://www.flipkart.com/brands=== Broken Url
https://www.flipkart.com/apple-iphone-16-black-128-gb/p/itmb07d67f995271?otracker=undefined_footer=== Broken Url
https://www.flipkart.com/apple-iphone-16-plus-teal-128-gb/p/itmfa939eebe8adf?otracker=undefined_footer=== Broken Url
https://www.flipkart.com/apple-iphone-16-pro-white-titanium-128-gb/p/itm50f720fdcec51?otracker=undefined_footer=== Broken Url
https://www.flipkart.com/apple-iphone-16-pro-max-black-titanium-256-gb/p/itm7e75db4f27bd5?otracker=undefined_footer=== Broken Url
https://www.flipkart.com/whoop-4-0-wearable-health-fitness-activity-tracker-sleep-strain-recovery-wellness-smartwatch/p/itm85144628074bc?otracker=undefined_footer=== Broken Url
https://www.flipkart.com/flipkart-minutes-store?marketplace=HYPERLOCAL&otracker=undefined_footer=== Broken Url
https://www.flipkart.com/exchange-store?otracker=undefined_footer=== Broken Url
https://www.flipkart.com/reset-sell-store?otracker=undefined_footer=== Broken Url
https://www.flipkart.com/nothing-phone-2a-plus/p/itm0c99b11bfe22d?otracker=undefined_footer=== Broken Url
https://www.flipkart.com/sarees-store?otracker=undefined_footer=== Broken Url
https://www.flipkart.com/cmf-nothing-phone-1-5g/p/itm9bfa0dd29dbcb?otracker=undefined_footer=== Broken Url
https://www.flipkart.com/pocket-bazaar-store?otracker=undefined_footer=== Broken Url
https://www.flipkart.com/xiaomi-14-civi-cruise-blue-256-gb/p/itm34da1cf159d63?otracker=undefined_footer=== Broken Url
https://www.flipkart.com/infinix-note-40-pro-5g-vintage-green-256-gb/p/itma7197f5eb7e85?otracker=undefined_footer=== Broken Url
https://www.flipkart.com/apple-iphone-15-black-128-gb/p/itm6ac6485515ae4?otracker=undefined_footer=== Broken Url
https://www.flipkart.com/infinix-note-40-5g/p/itm72c4c7b7d8834?otracker=undefined_footer=== Broken Url
https://www.flipkart.com/apple-iphone-15-plus-blue-128-gb/p/itm4022c14383050?otracker=undefined_footer=== Broken Url
https://www.flipkart.com/vivo-x-fold3-pro-celestial-black-512-gb/p/itm8dfd1a1b0900f?otracker=undefined_footer=== Broken Url
https://www.flipkart.com/motorola-g04s/p/itm6d82d81cfa8da?otracker=undefined_footer=== Broken Url
https://www.flipkart.com/vivo-x100-asteroid-black-256-gb/p/itm60fe0113c39cb?otracker=undefined_footer=== Broken Url
https://www.flipkart.com/oneplus-nord-ce-3-lite-5g-pastel-lime-128-gb/p/itm2cd5a4e659035?otracker=undefined_footer=== Broken Url
https://www.flipkart.com/spoyl-ff-store?otracker=undefined_footer=== Broken Url
https://www.flipkart.com/samsung-galaxy-z-flip5-mint-256-gb/p/itm3038611e95123?otracker=undefined_footer=== Broken Url
https://www.flipkart.com/samsung-galaxy-z-fold5-phantom-black-512-gb/p/itm4d14abce6dc2f?otracker=undefined_footer=== Broken Url
https://www.flipkart.com/superelite-credit-card-store?otracker=undefined_footer=== Broken Url
https://www.flipkart.com/5g-mobile-phones-store?otracker=undefined_footer=== Broken Url
https://www.flipkart.com/primebook-laptop-store?otracker=undefined_footer=== Broken Url
https://www.flipkart.com/motorola-edge-40-jet-black-256-gb/p/itmbe5b18bf1f229?otracker=undefined_footer=== Broken Url
https://www.flipkart.com/pages/grievance-redressal-mechanism?otracker=undefined_footer=== Broken Url
https://www.flipkart.com/oppo-reno7-pro-5g-startrails-blue-256-gb/p/itm9a6b0ca45fe90?otracker=undefined_footer=== Broken Url
https://www.flipkart.com/helpcentre?otracker=undefined_footer=== Broken Url
https://www.flipkart.com/helpcentre/trackOrder/i/2?otracker=undefined_footer=== Broken Url
https://www.flipkart.com/helpcentre/manageOrder/i/3?otracker=undefined_footer=== Broken Url
https://www.flipkart.com/helpcentre/returnOrder/i/4?otracker=undefined_footer=== Broken Url
https://www.flipkart.com/the-gift-card-store?otracker=undefined_footer=== Broken Url
https://www.flipkart.com/flipkart-axis-bank-credit-card-store?otracker=undefined_footer=== Broken Url
https://www.flipkart.com/flipkart-pay-later-store?otracker=undefined_footer=== Broken Url
https://www.flipkart.com/mobiles=== Broken Url
https://www.flipkart.com/redmi-12-5g-pastel-blue-128-gb/p/itm71f3d06ed5235?otracker=undefined_footer=== Broken Url
https://www.flipkart.com/realme-12-5g-navigator-beige-128-gb/p/itmaf084e49c78e2?otracker=undefined_footer=== Broken Url
https://www.flipkart.com/poco-c65-matte-black-128-gb/p/itm8ea3d87aa6c0c?otracker=undefined_footer=== Broken Url
https://www.flipkart.com/motorola-g84-5g-marshmallow-blue-256-gb/p/itm7807a599d2202?otracker=undefined_footer=== Broken Url
https://www.flipkart.com/realme-c53-champion-gold-128-gb/p/itm5df90168ecd05?otracker=undefined_footer=== Broken Url
https://www.flipkart.com/infinix-smart-8-rainbow-blue-64-gb/p/itmb5696a34ad441?otracker=undefined_footer=== Broken Url
https://www.flipkart.com/samsung-galaxy-s23-5g-phantom-black-256-gb/p/itm347e695feffe7?otracker=undefined_footer=== Broken Url
https://www.flipkart.com/samsung-galaxy-s21-fe-5g-snapdragon-888-olive-256-gb/p/itmb3a0b1e650a0e?otracker=undefined_footer=== Broken Url
https://www.flipkart.com/vivo-v30-5g-peacock-green-256-gb/p/itme3a94b78a025f?otracker=undefined_footer=== Broken Url
https://www.flipkart.com/samsung-galaxy-s24-5g-amber-yellow-256-gb/p/itmebc700bb8d159?otracker=undefined_footer=== Broken Url
https://www.flipkart.com/samsung-galaxy-s24-5g-cobalt-violet-512-gb/p/itmdbe5ac49590db?otracker=undefined_footer=== Broken Url
https://www.flipkart.com/apple-iphone-12-white-64-gb/p/itm8b88bdc03cd79?otracker=undefined_footer=== Broken Url
https://www.flipkart.com/apple-iphone-12-pro-graphite-512-gb/p/itmdf0ffb4f2150f?otracker=undefined_footer=== Broken Url
https://www.flipkart.com/apple-iphone-12-blue-128-gb/p/itm02853ae92e90a?otracker=undefined_footer=== Broken Url
https://www.flipkart.com/vivo-y15-aqua-blue-64-gb/p/itmfgadf77s87w8x?otracker=undefined_footer=== Broken Url
https://www.flipkart.com/samsung-galaxy-s21-fe-5g-snapdragon-888-lavender-256-gb/p/itmb457a6d3826ee?pid=MOBGSXD7TV34MYXX&otracker=undefined_footer=== Broken Url
https://www.flipkart.com/infinix-hot-30i-diamond-white-64-gb/p/itm8b42a43b35895?otracker=undefined_footer=== Broken Url
https://www.flipkart.com/realme-10-pro-5g-dark-matter-128-gb/p/itm1e672d12a252e?otracker=undefined_footer=== Broken Url
https://www.flipkart.com/motorola-g62-5g-frosted-blue-128-gb/p/itm556a0153d9a10?otracker=undefined_footer=== Broken Url
https://www.flipkart.com/nothing-phone-1-black-128-gb/p/itmeea53a564de47?otracker=undefined_footer=== Broken Url
https://www.flipkart.com/redmi-note-12-pro-5g-onyx-black-128-gb/p/itmbc9fd7adaa32a?otracker=undefined_footer=== Broken Url
https://www.flipkart.com/infinix-smart-7-azure-blue-64-gb/p/itm7b72b66485a59?otracker=undefined_footer=== Broken Url
https://www.flipkart.com/vivo-y12-burgundy-red-64-gb/p/itmfhyjvucp5mueg?otracker=undefined_footer=== Broken Url
https://www.flipkart.com/oppo-a12-blue-32-gb/p/itmfc859cdf39e01?otracker=undefined_footer=== Broken Url
https://www.flipkart.com/q/motorola-5g-phone?otracker=undefined_footer=== Broken Url
https://www.flipkart.com/q/realme-5g-smartphone?otracker=undefined_footer=== Broken Url
https://www.flipkart.com/q/apple-5g-phone?otracker=undefined_footer=== Broken Url
https://www.flipkart.com/q/iqoo-5g-phones?otracker=undefined_footer=== Broken Url
https://www.flipkart.com/q/oneplus-5g-phones?otracker=undefined_footer=== Broken Url
https://www.flipkart.com/q/vivo-5g-phones?otracker=undefined_footer=== Broken Url
https://www.flipkart.com/q/oppo-5g-smart-phones?otracker=undefined_footer=== Broken Url
https://www.flipkart.com/oppo-f15-blazing-blue-128-gb/p/itm56d35565691ea?otracker=undefined_footer=== Broken Url
https://www.flipkart.com/oppo-a31-fantasy-white-64-gb/p/itm82e19f459118a?otracker=undefined_footer=== Broken Url
https://www.flipkart.com/samsung-galaxy-a71-prism-crush-blue-128-gb/p/itmb719fd01880e3?otracker=undefined_footer=== Broken Url
https://www.flipkart.com/samsung-galaxy-a51-prism-crush-blue-128-gb/p/itme8079f0fedb33?otracker=undefined_footer=== Broken Url
https://www.flipkart.com/samsung-galaxy-a31-prism-crush-black-128-gb/p/itm629da21d10cba?otracker=undefined_footer=== Broken Url
https://www.flipkart.com/4g-mobile-phones-store?otracker=undefined_footer=== Broken Url
https://www.flipkart.com/nokia-mobile-phones-store?otracker=undefined_footer=== Broken Url
https://www.flipkart.com/samsung-mobile-store?otracker=undefined_footer=== Broken Url
https://www.flipkart.com/mobiles/apple~brand/pr?sid=tyy,4io&otracker=undefined_footer=== Broken Url
https://www.flipkart.com/oppo-mobile-phones-store?otracker=undefined_footer=== Broken Url
https://www.flipkart.com/mobiles/vivo~brand/pr?sid=tyy,4io&otracker=undefined_footer=== Broken Url
https://www.flipkart.com/cameras=== Broken Url
https://www.flipkart.com/gopro-hero-sports-action-camera/p/itmf3s4abpfgawhc?otracker=undefined_footer=== Broken Url
https://www.flipkart.com/cameras/nikon~brand/pr?sid=jek,p31&otracker=undefined_footer=== Broken Url
https://www.flipkart.com/cameras/canon~brand/pr?sid=jek,p31&otracker=undefined_footer=== Broken Url
https://www.flipkart.com/q/sony-cameras?otracker=undefined_footer=== Broken Url
https://www.flipkart.com/q/canon-dslr-cameras?otracker=undefined_footer=== Broken Url
https://www.flipkart.com/cameras/dslr-mirrorless/nikon~brand/pr?sid=jek,p31,trv&otracker=undefined_footer=== Broken Url
https://www.flipkart.com/brands/laptops?sid=6bo,b5g=== Broken Url
https://www.flipkart.com/avita-liber-core-i7-10th-gen-16-gb-1-tb-ssd-windows-10-home-ns14a8inr671-pag-thin-light-laptop/p/itmbe8a49652ca6f?pid=COMGQKQ7GGNFR8N4&otracker=undefined_footer=== Broken Url
https://www.flipkart.com/apple-2022-macbook-pro-m2-8-gb-256-gb-ssd-mac-os-monterey-mneh3hn-a/p/itmaea892f7dd66e?otracker=undefined_footer=== Broken Url
https://www.flipkart.com/q/premium-laptops?otracker=undefined_footer=== Broken Url
https://www.flipkart.com/asus-rog-strix-scar-16-2023-core-i9-13th-gen-32-gb-1-tb-ssd-windows-11-home-12-gb-graphics-nvidia-geforce-rtx-4080-g634jz-n4062ws-gaming-laptop/p/itma62818795454d?otracker=undefined_footer=== Broken Url
https://www.flipkart.com/asus-rog-zephyrus-m16-2023-core-i9-13th-gen-32-gb-2-tb-ssd-windows-11-home-16-gb-graphics-nvidia-geforce-rtx-4090-gu604vy-nm058ws-gaming-laptop/p/itm7ad23e5445edf?otracker=undefined_footer=== Broken Url
https://www.flipkart.com/asus-zenbook-14-oled-2022-core-i5-12th-gen-16-gb-512-gb-ssd-windows-11-home-ux3402za-km531ws-thin-light-laptop/p/itm92e2e0518b654?otracker=undefined_footer=== Broken Url
https://www.flipkart.com/realme-book-prime-core-i5-11th-gen-16-gb-512-gb-ssd-windows-11-home-cloudpro002-thin-light-laptop/p/itm7d1b1a9d3579b?otracker=undefined_footer=== Broken Url
https://www.flipkart.com/microsoft-surface-go-pentium-gold-8-gb-128-gb-ssd-windows-10-home-s-mode-1824-2-1-laptop/p/itmfb6pyjzy9y8n4?otracker=undefined_footer=== Broken Url
https://www.flipkart.com/laptops/apple~brand/pr?sid=6bo,b5g&otracker=undefined_footer=== Broken Url
https://www.flipkart.com/laptops/acer~brand/pr?sid=6bo,b5g&otracker=undefined_footer=== Broken Url
https://www.flipkart.com/laptops/lenovo~brand/pr?sid=6bo,b5g&otracker=undefined_footer=== Broken Url
https://www.flipkart.com/laptops/dell~brand/pr?sid=6bo,b5g&otracker=undefined_footer=== Broken Url
https://www.flipkart.com/laptops/asus~brand/pr?sid=6bo,b5g&otracker=undefined_footer=== Broken Url
https://www.flipkart.com/laptops/hp~brand/pr?sid=6bo,b5g&otracker=undefined_footer=== Broken Url
https://www.flipkart.com/gaming-laptops-store?otracker=undefined_footer=== Broken Url
https://www.flipkart.com/laptops/~2-in-1-laptops/pr?sid=6bo,b5g&otracker=undefined_footer=== Broken Url
https://www.flipkart.com/laptops-store?otracker=undefined_footer=== Broken Url
https://www.flipkart.com/q/dell-latest-laptops-2022?otracker=undefined_footer=== Broken Url
https://www.flipkart.com/q/hp-latest-laptops-2022?otracker=undefined_footer=== Broken Url
https://www.flipkart.com/infinix-inbook-y1-plus-intel-core-i3-10th-gen-8-gb-256-gb-ssd-windows-11-home-xl28-thin-light-laptop/p/itm6c066be25ddde?otracker=undefined_footer=== Broken Url
https://www.flipkart.com/samsung-galaxy-book3-core-i7-13th-gen-16-gb-512-gb-ssd-windows-11-home-thin-light-laptop/p/itmf5efb3b1c35fa?otracker=undefined_footer=== Broken Url
https://www.flipkart.com/q/12th-gen-intel-core-laptops?otracker=undefined_footer=== Broken Url
https://www.flipkart.com/televisions=== Broken Url
https://www.flipkart.com/televisions/nokia~brand/pr?sid=ckf,czl&otracker=undefined_footer=== Broken Url
https://www.flipkart.com/televisions/panasonic~brand/pr?sid=ckf,czl&otracker=undefined_footer=== Broken Url
https://www.flipkart.com/televisions/thomson~brand/pr?sid=ckf,czl&otracker=undefined_footer=== Broken Url
https://www.flipkart.com/mi-x-pro-108-cm-43-inch-ultra-hd-4k-led-smart-google-tv-dolby-atmos-vision-iq/p/itmccb958ce6c75e?otracker=undefined_footer=== Broken Url
https://www.flipkart.com/televisions/realme~brand/pr?sid=ckf,czl&otracker=undefined_footer=== Broken Url
https://www.flipkart.com/televisions/motorola~brand/pr?sid=ckf,czl&otracker=undefined_footer=== Broken Url
https://www.flipkart.com/televisions/oneplus~brand/pr?sid=ckf,czl&otracker=undefined_footer=== Broken Url
https://www.flipkart.com/televisions/lg~brand/pr?sid=ckf,czl&otracker=undefined_footer=== Broken Url
https://www.flipkart.com/television-store?otracker=undefined_footer=== Broken Url
https://www.flipkart.com/televisions/sony~brand/pr?sid=ckf,czl&otracker=undefined_footer=== Broken Url
https://www.flipkart.com/televisions/samsung~brand/pr?sid=ckf,czl&otracker=undefined_footer=== Broken Url
https://www.flipkart.com/televisions/~android-tvs/pr?sid=ckf,czl&otracker=undefined_footer=== Broken Url
https://www.flipkart.com/televisions/iffalcon~brand/pr?sid=ckf,czl&otracker=undefined_footer=== Broken Url
https://www.flipkart.com/televisions/mi~brand/pr?sid=ckf,czl&otracker=undefined_footer=== Broken Url
https://www.flipkart.com/television-store?otracker=undefined_footer=== Broken Url
https://www.flipkart.com/washing-machines/pr?sid=j9e,abm,8qx&otracker=undefined_footer=== Broken Url
https://www.flipkart.com/refrigerators/pr?sid=j9e,abm,hzg&otracker=undefined_footer=== Broken Url
https://www.flipkart.com/air-conditioners/pr?sid=j9e,abm,c54&otracker=undefined_footer=== Broken Url
https://www.flipkart.com/electric-cookers/pr?sid=j9e,m38,9m9&otracker=undefined_footer=== Broken Url
https://www.flipkart.com/electric-jugheatertravel-kettles/pr?sid=j9e,m38,xrv&otracker=undefined_footer=== Broken Url
https://www.flipkart.com/induction-cooktops/pr?sid=j9e,m38,575&otracker=undefined_footer=== Broken Url
https://www.flipkart.com/inverters/pr?sid=j9e,abm,7no&otracker=undefined_footer=== Broken Url
https://www.flipkart.com/iron/pr?sid=j9e,abm,a0u&otracker=undefined_footer=== Broken Url
https://www.flipkart.com/mixerjuicergrinders/pr?sid=j9e,m38,7ek&otracker=undefined_footer=== Broken Url
https://www.flipkart.com/wet-grinders/pr?sid=j9e,m38,htd&otracker=undefined_footer=== Broken Url
https://www.flipkart.com/chimney/pr?sid=j9e,m38,tgz&otracker=undefined_footer=== Broken Url
https://www.flipkart.com/microwave-ovens/pr?sid=j9e,m38,o49&otracker=undefined_footer=== Broken Url
https://www.flipkart.com/vacuum-cleaners/pr?sid=j9e,abm,ul2&otracker=undefined_footer=== Broken Url
https://www.flipkart.com/water-purifiers/pr?sid=j9e,abm,i45&otracker=undefined_footer=== Broken Url
https://www.flipkart.com/fans/pr?sid=j9e,abm,lbz&otracker=undefined_footer=== Broken Url
https://www.flipkart.com/clothing=== Broken Url
https://www.flipkart.com/q/sarees?otracker=undefined_footer=== Broken Url
https://www.flipkart.com/q/green-bridal-lehenga?otracker=undefined_footer=== Broken Url
https://www.flipkart.com/womens-tops/pr?sid=clo,ash,ohw,36j&otracker=undefined_footer=== Broken Url
https://www.flipkart.com/q/apron-for-doctors?otracker=undefined_footer=== Broken Url
https://www.flipkart.com/mens-footwear/pr?sid=osp,cil&otracker=undefined_footer=== Broken Url
https://www.flipkart.com/sunglasses/pr?sid=26x&otracker=undefined_footer=== Broken Url
https://www.flipkart.com/q/bridal-blouse?otracker=undefined_footer=== Broken Url
https://www.flipkart.com/q/half-saree-blouse-designs?otracker=undefined_footer=== Broken Url
https://www.flipkart.com/q/designer-blouses?otracker=undefined_footer=== Broken Url
https://www.flipkart.com/q/blouse-designs?otracker=undefined_footer=== Broken Url
https://www.flipkart.com/mens-shirts/pr?sid=clo%2Cash%2Caxc%2Cmmk&otracker=undefined_footer=== Broken Url
https://www.flipkart.com/q/cotton-saree-blouse-designs?otracker=undefined_footer=== Broken Url
https://www.flipkart.com/mens-tshirts/pr?sid=clo%2Cash%2Cank%2Cedy&otracker=undefined_footer=== Broken Url
https://www.flipkart.com/mens-jeans/pr?sid=clo%2Cvua%2Ck58%2Ci51&otracker=undefined_footer=== Broken Url
https://www.flipkart.com/womens-dresses/pr?sid=clo%2Codx%2Cmaj%2Cjhy&otracker=undefined_footer=== Broken Url
https://www.flipkart.com/q/one-pieces?otracker=undefined_footer=== Broken Url
https://www.flipkart.com/q/groom-wedding-sherwani?otracker=undefined_footer=== Broken Url
https://www.flipkart.com/q/designer-salwar-suits?otracker=undefined_footer=== Broken Url
https://www.flipkart.com/bras/pr?sid=clo%2Cqfl%2Cv5v%2Ckzg&otracker=undefined_footer=== Broken Url
https://www.flipkart.com/q/cotton-simple-blouse-designs?otracker=undefined_footer=== Broken Url
https://www.flipkart.com/q/banarasi-saree-blouse-designs?otracker=undefined_footer=== Broken Url
https://www.flipkart.com/q/stylish-blouse-astin-design?otracker=undefined_footer=== Broken Url
https://www.flipkart.com/mens-track-pants/pr?sid=clo%2Cvua%2Cjlk%2C6ql&otracker=undefined_footer=== Broken Url
https://www.flipkart.com/q/blouse-neck-designs?otracker=undefined_footer=== Broken Url
https://www.flipkart.com/q/kurtas?otracker=undefined_footer=== Broken Url
https://www.flipkart.com/womens-dresses/party~occasion/pr?sid=clo%2Codx%2Cmaj%2Cjhy&otracker=undefined_footer=== Broken Url
https://www.flipkart.com/womens-ethnic-sets/kurta-and-palazzo-set~type/pr?sid=clo%2Ccfv%2Citg%2Ctys&otracker=undefined_footer=== Broken Url
https://www.flipkart.com/q/anarkali?otracker=undefined_footer=== Broken Url
https://www.flipkart.com/womens-gowns/pr?sid=clo%2Codx%2Cod7%2C0xx&otracker=undefined_footer=== Broken Url
https://www.flipkart.com/q/cut-out-dress?otracker=undefined_footer=== Broken Url
https://www.flipkart.com/q/salwar-suit?otracker=undefined_footer=== Broken Url
https://www.flipkart.com/womens-kurtas-kurtis/pr?sid=clo%2Ccfv%2Ccib%2Crkt&otracker=undefined_footer=== Broken Url
https://www.flipkart.com/q/designer-sarees?otracker=undefined_footer=== Broken Url
https://www.flipkart.com/q/leggings?otracker=undefined_footer=== Broken Url
https://www.flipkart.com/mens-shorts/pr?sid=clo%2Cvua%2Ce8g%2Ckc7&otracker=undefined_footer=== Broken Url
https://www.flipkart.com/q/georgette-sarees?otracker=undefined_footer=== Broken Url
https://www.flipkart.com/q/ethnic-wear?otracker=undefined_footer=== Broken Url
https://www.flipkart.com/q/uppada-pattu-sarees?otracker=undefined_footer=== Broken Url
https://www.flipkart.com/q/blouse-back-design?otracker=undefined_footer=== Broken Url
https://www.flipkart.com/q/jodhpur-pants?otracker=undefined_footer=== Broken Url
https://www.flipkart.com/mens-footwear/sports-shoes/adidas~brand/pr?sid=osp,cil,1cu&otracker=undefined_footer=== Broken Url
https://www.flipkart.com/mens-footwear/reebok~brand/pr?sid=osp,cil&otracker=undefined_footer=== Broken Url
https://www.flipkart.com/mens-footwear/nike~brand/pr?sid=osp,cil&otracker=undefined_footer=== Broken Url
https://www.flipkart.com/mens-footwear/puma~brand/pr?sid=osp,cil&otracker=undefined_footer=== Broken Url
https://www.flipkart.com/mens-footwear/casual-shoes/boots~type/pr?sid=osp,cil,e1f&otracker=undefined_footer=== Broken Url
https://www.flipkart.com/q/bata-shoes?otracker=undefined_footer=== Broken Url
https://www.flipkart.com/q/woodland-shoes?otracker=undefined_footer=== Broken Url
https://www.flipkart.com/mens-footwear/skechers~brand/pr?sid=osp,cil&otracker=undefined_footer=== Broken Url
https://www.flipkart.com/mens-footwear/casual-shoes/sneakers~type/pr?sid=osp%2Ccil%2Ce1f&otracker=undefined_footer=== Broken Url
https://www.flipkart.com/womens-footwear/boots/pr?sid=osp,iko,xgp&otracker=undefined_footer=== Broken Url
https://www.flipkart.com/mens-footwear/sports-shoes/pr?sid=osp%2Ccil%2C1cu&otracker=undefined_footer=== Broken Url
https://www.flipkart.com/mens-footwear/casual-shoes/loafers~type/pr?sid=osp%2Ccil%2Ce1f&otracker=undefined_footer=== Broken Url
https://www.flipkart.com/mens-footwear/sandals-floaters/pr?sid=osp%2Ccil%2Ce83&otracker=undefined_footer=== Broken Url
https://www.flipkart.com/mens-footwear/sports-shoes/lotto~brand/pr?sid=osp%2Ccil%2C1cu&otracker=undefined_footer=== Broken Url
https://www.flipkart.com/mens-footwear/casual-shoes/pr?sid=osp,cil,e1f&otracker=undefined_footer=== Broken Url
https://www.flipkart.com/womens-footwear/skechers~brand/pr?sid=osp,iko&otracker=undefined_footer=== Broken Url
https://www.flipkart.com/mens-footwear/sports-shoes/asics~brand/pr?sid=osp%2Ccil%2C1cu&otracker=undefined_footer=== Broken Url
https://www.flipkart.com/mens-footwear/formal-shoes/pr?sid=osp,cil,ssb&otracker=undefined_footer=== Broken Url
https://www.flipkart.com/q/school-shoes?otracker=undefined_footer=== Broken Url
https://www.flipkart.com/grocery-supermart-store?marketplace=GROCERY=== Broken Url
https://www.flipkart.com/redeem-flipkart-grocery-coupon-voucher-phonepe-store?marketplace=GROCERY&otracker=undefined_footer=== Broken Url
https://www.flipkart.com/grocery/personal-baby-care/soaps-body-wash/hand-wash/pr?sid=73z%2Cnjl%2Csn6%2C6vr&marketplace=GROCERY&otracker=undefined_footer=== Broken Url
https://www.flipkart.com/grocery/personal-baby-care/soaps-body-wash/soaps/pr?sid=73z%2Cnjl%2Csn6%2Cr6y&marketplace=GROCERY&otracker=undefined_footer=== Broken Url
https://www.flipkart.com/grocery/staples/dry-fruits-nuts-seeds/cashew-nuts/pr?sid=73z%2Cbpe%2Cdtp%2Cghn&marketplace=GROCERY&otracker=undefined_footer=== Broken Url
https://www.flipkart.com/grocery/staples/ghee-oils/sunflower-oil/pr?sid=73z,bpe,4wu,4vo&marketplace=GROCERY&otracker=undefined_footer=== Broken Url
https://www.flipkart.com/grocery/dairy-eggs/eggs/pr?sid=73z%2Cesa%2Chh7&marketplace=GROCERY&otracker=undefined_footer=== Broken Url
https://www.flipkart.com/grocery/household-care/floor-other-cleaners/toilet-cleaners/pr?sid=73z,cwl,u3c,ijq&marketplace=GROCERY&otracker=undefined_footer=== Broken Url
https://www.flipkart.com/grocery/household-care/floor-other-cleaners/toilet-cleaners/harpic~brand/pr?sid=73z%2Ccwl%2Cu3c%2Cijq&marketplace=GROCERY&otracker=undefined_footer=== Broken Url
https://www.flipkart.com/grocery/personal-baby-care/soaps-body-wash/soaps/dettol~brand/pr?sid=73z,njl,sn6,r6y&marketplace=GROCERY&otracker=undefined_footer=== Broken Url
https://www.flipkart.com/grocery/staples/ghee-oils/mustard-oil/pr?sid=73z%2Cbpe%2C4wu%2Ctmu&marketplace=GROCERY&otracker=undefined_footer=== Broken Url
https://www.flipkart.com/grocery/snacks-beverages/biscuits/pr?sid=73z%2Cujs%2Ceb9&marketplace=GROCERY&otracker=undefined_footer=== Broken Url
https://www.flipkart.com/grocery/dairy-eggs/dairy/cheese/pr?sid=73z%2Cesa%2Cdt6%2C4ku&marketplace=GROCERY&otracker=undefined_footer=== Broken Url
https://www.flipkart.com/grocery/staples/atta-flours/wheat-atta/patanjali~brand/pr?sid=73z%2Cbpe%2C9da%2C1fd&marketplace=GROCERY&otracker=undefined_footer=== Broken Url
https://www.flipkart.com/grocery/staples/ghee-oils/sunflower-oil/fortune~brand/pr?sid=73z,bpe,4wu,4vo&marketplace=GROCERY&otracker=undefined_footer=== Broken Url
https://www.flipkart.com/grocery/staples/atta-flours/wheat-atta/aashirvaad~brand/pr?sid=73z%2Cbpe%2C9da%2C1fd&marketplace=GROCERY&otracker=undefined_footer=== Broken Url
https://www.flipkart.com/grocery/snacks-beverages/tea/pr?sid=73z%2Cujs%2Camr&marketplace=GROCERY&otracker=undefined_footer=== Broken Url
https://www.flipkart.com/=== Broken Url
https://www.flipkart.com/headphones-store?otracker=undefined_footer=== Broken Url
https://www.flipkart.com/q/best-gas-geyser?otracker=undefined_footer=== Broken Url
https://www.flipkart.com/q/kitchen-geyser?otracker=undefined_footer=== Broken Url
https://www.flipkart.com/q/nutri-blenders?otracker=undefined_footer=== Broken Url
https://www.flipkart.com/q/portable-air-cooler?otracker=undefined_footer=== Broken Url
https://www.flipkart.com/q/best-air-cooler?otracker=undefined_footer=== Broken Url
https://www.flipkart.com/bags-online-store?otracker=undefined_footer=== Broken Url
https://www.flipkart.com/q/hitachi-refrigerator-3-door?otracker=undefined_footer=== Broken Url
https://www.flipkart.com/books-store?otracker=undefined_footer=== Broken Url
https://www.flipkart.com/toys-online-store?otracker=undefined_footer=== Broken Url
https://www.flipkart.com/home-decor/diyas-candles-holders/candles/pr?sid=arb,mvm,p0s&otracker=undefined_footer=== Broken Url
https://www.flipkart.com/automotive/car-bike-accessories/helmets-riding-gear/helmets-locks/helmets/pr?sid=0hx,bwd,bgt,c0x,wnn&otracker=undefined_footer=== Broken Url
https://www.flipkart.com/home-decor/clocks/wall-clocks/pr?sid=arb,kjw,bm1&otracker=undefined_footer=== Broken Url
https://www.flipkart.com/baby-care/baby-food/pr?sid=kyh,arw&otracker=undefined_footer=== Broken Url
https://www.flipkart.com/food-nutrition/confectioneries-sweets/chocolates/pr?sid=7jv,iyp,s4n&otracker=undefined_footer=== Broken Url
https://www.flipkart.com/sports/cycling/cycles/pr?sid=abc,ulv,ixt&otracker=undefined_footer=== Broken Url
https://www.flipkart.com/pens-stationery/calculators/pr?sid=dgv,qtq&otracker=undefined_footer=== Broken Url
https://www.flipkart.com/beauty-and-grooming/makeup/lips/lipstick/pr?sid=g9b,ffi,tv5,una&otracker=undefined_footer=== Broken Url
https://www.flipkart.com/health-care/home-medical-supplies/health-monitors/pollution-masks/pr?sid=hlc%2C20m%2Cled%2Cdew&otracker=undefined_footer=== Broken Url
https://www.flipkart.com/laptop-accessories/ups/pr?sid=6bo%2Cai3%2Cpi1&otracker=undefined_footer=== Broken Url
https://www.flipkart.com/watches/fastrack~brand/pr?sid=r18&otracker=undefined_footer=== Broken Url
https://www.flipkart.com/bags-wallets-belts/wallets-clutches/wallets/pr?sid=reh%2Ccca%2Ch76&otracker=undefined_footer=== Broken Url
https://www.flipkart.com/earrings/pr?sid=mcr,96v,k9d&otracker=undefined_footer=== Broken Url
https://www.flipkart.com/jewellery/~gold-coins/pr?sid=mcr&otracker=undefined_footer=== Broken Url
https://www.flipkart.com/realme-pad-mini-3-gb-ram-32-rom-8-68-inch-4g-tablet-grey/p/itmdb6b41e4b36ef?otracker=undefined_footer=== Broken Url
https://www.flipkart.com/handbags/pr?sid=reh,ihu,m08&otracker=undefined_footer=== Broken Url
https://www.flipkart.com/conekt-sw2-smartwatch/p/itmaa5781a80aec1?otracker=undefined_footer=== Broken Url
https://www.flipkart.com/q/mivi-duopods-a350?otracker=undefined_footer=== Broken Url
https://www.flipkart.com/q/mobile-speaker-cleaner?otracker=undefined_footer=== Broken Url
https://www.flipkart.com/furniture/pr?sid=wwe=== Broken Url
https://www.flipkart.com/furniture-store?otracker=undefined_footer=== Broken Url
https://www.flipkart.com/furniture/sofas/sofa-sets/pr?sid=wwe,c3z,r0c&otracker=undefined_footer=== Broken Url
https://www.flipkart.com/furniture/beds/pr?sid=wwe,7p7&otracker=undefined_footer=== Broken Url
https://www.flipkart.com/furniture/dining-tables-sets/pr?sid=wwe,ur9&otracker=undefined_footer=== Broken Url
https://www.flipkart.com/furniture/wardrobes/pr?sid=wwe,fc3&otracker=undefined_footer=== Broken Url
https://www.flipkart.com/furniture/mattresses/pr?sid=wwe,rg9&otracker=undefined_footer=== Broken Url
https://www.flipkart.com/furniture/tv-units-cabinets/pr?sid=wwe,243&otracker=undefined_footer=== Broken Url
https://www.flipkart.com/furniture/tables/pr?sid=wwe,ki7&otracker=undefined_footer=== Broken Url
https://www.flipkart.com/furniture/chairs/pr?sid=wwe,y7b&otracker=undefined_footer=== Broken Url
https://www.flipkart.com/furniture/shelves/pr?sid=wwe,vmc&otracker=undefined_footer=== Broken Url
https://www.flipkart.com/furniture/bean-bags/pr?sid=wwe,4n6&otracker=undefined_footer=== Broken Url
https://www.flipkart.com/furniture/chairs/office-study-chairs/pr?sid=wwe,y7b,foc&otracker=undefined_footer=== Broken Url
https://www.flipkart.com/q/computer-tables?otracker=undefined_footer=== Broken Url
https://www.flipkart.com/furniture/tables/office-study-table/pr?sid=wwe,ki7,l1t&otracker=undefined_footer=== Broken Url
https://www.flipkart.com/furniture/sofas/sofa-sets/red~primary-color/pr?sid=wwe,c3z,r0c&otracker=undefined_footer=== Broken Url
https://www.flipkart.com/furniture/beds/beds/wakefit~brand/pr?sid=wwe,7p7,4yf&otracker=undefined_footer=== Broken Url
https://www.flipkart.com/furniture/sofas/sofa-sets/white~primary-color/pr?sid=wwe,c3z,r0c&otracker=undefined_footer=== Broken Url
https://www.flipkart.com/furniture/mattresses/wakefit~brand/pr?sid=wwe%2Crg9&otracker=undefined_footer=== Broken Url
https://www.flipkart.com/furniture/sofas/sofa-sets/green~primary-color/pr?sid=wwe,c3z,r0c&otracker=undefined_footer=== Broken Url
https://www.flipkart.com/furniture/sofas/sofa-sets/black~primary-color/pr?sid=wwe,c3z,r0c&otracker=undefined_footer=== Broken Url
https://www.flipkart.com/furniture/sofas/sofa-sets/brown~primary-color/pr?sid=wwe,c3z,r0c&otracker=undefined_footer=== Broken Url
https://www.flipkart.com/beauty-and-grooming/hair-care-and-accessory/hair-care/shampoo/pr?sid=g9b%2Clcf%2Cqqm%2Ct36&otracker=undefined_footer=== Broken Url
https://www.flipkart.com/health-care/health-supplements/protein-supplement/whey-protein~type/pr?sid=hlc%2Cetg%2C1rx&otracker=undefined_footer=== Broken Url
https://www.flipkart.com/health-care/home-medicines/general-wellness/homeopathy/pr?sid=hlc%2Cah4%2Ciav%2Craa&otracker=undefined_footer=== Broken Url
https://www.flipkart.com/sports/cricket/pr?sid=abc,5lf&otracker=undefined_footer=== Broken Url
https://www.flipkart.com/sports/cycling/cycles/pr?sid=abc,ulv,ixt&otracker=undefined_footer=== Broken Url
https://www.flipkart.com/sports/football/footballs/pr?sid=abc%2Cgxg%2Ceha&otracker=undefined_footer=== Broken Url
https://www.flipkart.com/exercise-fitness/fitness-equipment/treadmills/pr?sid=qoc,amf,oyq&otracker=undefined_footer=== Broken Url
https://www.flipkart.com/q/christmas-gift?otracker=undefined_footer=== Broken Url
https://www.flipkart.com/exercise-fitness/fitness-accessories/pr?sid=qoc,acb&otracker=undefined_footer=== Broken Url
https://www.flipkart.com/q/online-guitar?otracker=undefined_footer=== Broken Url
https://www.flipkart.com/books-store?otracker=undefined_footer=== Broken Url
https://www.flipkart.com/musical-instruments-store?otracker=undefined_footer=== Broken Url
https://www.flipkart.com/q/dabur-chyawanprash?otracker=undefined_footer=== Broken Url
https://www.flipkart.com/q/baidyanath-chyawanprash?otracker=undefined_footer=== Broken Url
https://www.flipkart.com/health-care/health-supplements/energy-drinks/pr?sid=hlc,etg,2yn&otracker=undefined_footer=== Broken Url
https://www.flipkart.com/toys-online-store?otracker=undefined_footer=== Broken Url
https://www.flipkart.com/health-care/health-supplements/milk-drink-mixes/pr?sid=hlc,etg,sxm&otracker=undefined_footer=== Broken Url
https://www.flipkart.com/q/chyawanprash?otracker=undefined_footer=== Broken Url
https://www.flipkart.com/home-decor/showpieces-decor-accents/flags/pr?sid=arb%2Cuj2%2Cuvt&otracker=undefined_footer=== Broken Url
https://www.flipkart.com/health-care/health-supplements/protein-supplement/pr?sid=hlc,etg,1rx&otracker=undefined_footer=== Broken Url
]]></system-out>
    <system-err><![CDATA[SLF4J: Failed to load class "org.slf4j.impl.StaticLoggerBinder".
SLF4J: Defaulting to no-operation (NOP) logger implementation
SLF4J: See http://www.slf4j.org/codes.html#StaticLoggerBinder for further details.
Sept 28, 2024 7:50:28 PM org.openqa.selenium.devtools.CdpVersionFinder findNearestMatch
WARNING: Unable to find an exact match for CDP version 129, returning the closest version; found: 125; Please update to a Selenium version that supports CDP version 129
]]></system-err>
  </testcase>
</testsuite>